{"/Users/petemcnie/Code/personalcode/reactProjects/salhouse-goldens/client/components/App.jsx": {"path":"/Users/petemcnie/Code/personalcode/reactProjects/salhouse-goldens/client/components/App.jsx","statementMap":{"0":{"start":{"line":19,"column":12},"end":{"line":38,"column":1}},"1":{"start":{"line":20,"column":2},"end":{"line":37,"column":3}}},"fnMap":{"0":{"name":"(anonymous_0)","decl":{"start":{"line":19,"column":12},"end":{"line":19,"column":13}},"loc":{"start":{"line":19,"column":18},"end":{"line":38,"column":1}},"line":19}},"branchMap":{},"s":{"0":1,"1":1},"f":{"0":1},"b":{},"_coverageSchema":"1a1c01bbd47fc00a2c39e90264f33305004495a9","hash":"e856032411d63d92378f81c599bb34adebbc1bf1"}
,"/Users/petemcnie/Code/personalcode/reactProjects/salhouse-goldens/client/components/NavbarComp.jsx": {"path":"/Users/petemcnie/Code/personalcode/reactProjects/salhouse-goldens/client/components/NavbarComp.jsx","statementMap":{"0":{"start":{"line":6,"column":26},"end":{"line":6,"column":41}},"1":{"start":{"line":8,"column":4},"end":{"line":8,"column":18}},"2":{"start":{"line":11,"column":4},"end":{"line":11,"column":18}},"3":{"start":{"line":14,"column":32},"end":{"line":14,"column":47}},"4":{"start":{"line":16,"column":4},"end":{"line":16,"column":24}},"5":{"start":{"line":19,"column":4},"end":{"line":19,"column":21}},"6":{"start":{"line":22,"column":30},"end":{"line":22,"column":45}},"7":{"start":{"line":24,"column":4},"end":{"line":24,"column":22}},"8":{"start":{"line":28,"column":4},"end":{"line":28,"column":20}},"9":{"start":{"line":31,"column":2},"end":{"line":96,"column":3}}},"fnMap":{"0":{"name":"NavbarComp","decl":{"start":{"line":5,"column":9},"end":{"line":5,"column":19}},"loc":{"start":{"line":5,"column":23},"end":{"line":97,"column":1}},"line":5},"1":{"name":"showDropdown","decl":{"start":{"line":7,"column":11},"end":{"line":7,"column":23}},"loc":{"start":{"line":7,"column":27},"end":{"line":9,"column":3}},"line":7},"2":{"name":"hideDropdown","decl":{"start":{"line":10,"column":11},"end":{"line":10,"column":23}},"loc":{"start":{"line":10,"column":27},"end":{"line":12,"column":3}},"line":10},"3":{"name":"showDropdownGyg","decl":{"start":{"line":15,"column":11},"end":{"line":15,"column":26}},"loc":{"start":{"line":15,"column":30},"end":{"line":17,"column":3}},"line":15},"4":{"name":"hideDropdownGyg","decl":{"start":{"line":18,"column":11},"end":{"line":18,"column":26}},"loc":{"start":{"line":18,"column":30},"end":{"line":20,"column":3}},"line":18},"5":{"name":"showDropdownAu","decl":{"start":{"line":23,"column":11},"end":{"line":23,"column":25}},"loc":{"start":{"line":23,"column":29},"end":{"line":25,"column":3}},"line":23},"6":{"name":"hideDropdownAu","decl":{"start":{"line":27,"column":11},"end":{"line":27,"column":25}},"loc":{"start":{"line":27,"column":29},"end":{"line":29,"column":3}},"line":27}},"branchMap":{},"s":{"0":14,"1":0,"2":0,"3":14,"4":0,"5":0,"6":14,"7":0,"8":0,"9":14},"f":{"0":14,"1":0,"2":0,"3":0,"4":0,"5":0,"6":0},"b":{},"_coverageSchema":"1a1c01bbd47fc00a2c39e90264f33305004495a9","hash":"726f0311cab9aceb3a8ac5a0349917a2e50e4672"}
,"/Users/petemcnie/Code/personalcode/reactProjects/salhouse-goldens/client/components/About Us/AboutUs.jsx": {"path":"/Users/petemcnie/Code/personalcode/reactProjects/salhouse-goldens/client/components/About Us/AboutUs.jsx","statementMap":{"0":{"start":{"line":7,"column":16},"end":{"line":15,"column":1}},"1":{"start":{"line":8,"column":2},"end":{"line":14,"column":3}}},"fnMap":{"0":{"name":"(anonymous_0)","decl":{"start":{"line":7,"column":16},"end":{"line":7,"column":17}},"loc":{"start":{"line":7,"column":22},"end":{"line":15,"column":1}},"line":7}},"branchMap":{},"s":{"0":2,"1":1},"f":{"0":1},"b":{},"_coverageSchema":"1a1c01bbd47fc00a2c39e90264f33305004495a9","hash":"29cee5f9fb28af5db68803586dd6be36bc9205a8"}
,"/Users/petemcnie/Code/personalcode/reactProjects/salhouse-goldens/client/components/About Us/AboutUsBody.jsx": {"path":"/Users/petemcnie/Code/personalcode/reactProjects/salhouse-goldens/client/components/About Us/AboutUsBody.jsx","statementMap":{"0":{"start":{"line":4,"column":2},"end":{"line":46,"column":3}}},"fnMap":{"0":{"name":"AboutUsBody","decl":{"start":{"line":3,"column":9},"end":{"line":3,"column":20}},"loc":{"start":{"line":3,"column":24},"end":{"line":47,"column":1}},"line":3}},"branchMap":{},"s":{"0":2},"f":{"0":2},"b":{},"_coverageSchema":"1a1c01bbd47fc00a2c39e90264f33305004495a9","hash":"ba09257e507b4da2491f33d32f6d46fc872a500d"}
,"/Users/petemcnie/Code/personalcode/reactProjects/salhouse-goldens/client/components/About Us/AboutUsImages.jsx": {"path":"/Users/petemcnie/Code/personalcode/reactProjects/salhouse-goldens/client/components/About Us/AboutUsImages.jsx","statementMap":{"0":{"start":{"line":9,"column":2},"end":{"line":30,"column":3}}},"fnMap":{"0":{"name":"AboutUsImages","decl":{"start":{"line":8,"column":9},"end":{"line":8,"column":22}},"loc":{"start":{"line":8,"column":26},"end":{"line":31,"column":1}},"line":8}},"branchMap":{},"s":{"0":2},"f":{"0":2},"b":{},"_coverageSchema":"1a1c01bbd47fc00a2c39e90264f33305004495a9","hash":"7ab823352a58db06e70ed880b89f392238a0ba4b"}
,"/Users/petemcnie/Code/personalcode/reactProjects/salhouse-goldens/client/components/Contact/Contact.jsx": {"path":"/Users/petemcnie/Code/personalcode/reactProjects/salhouse-goldens/client/components/Contact/Contact.jsx","statementMap":{"0":{"start":{"line":7,"column":2},"end":{"line":12,"column":3}}},"fnMap":{"0":{"name":"Contact","decl":{"start":{"line":6,"column":9},"end":{"line":6,"column":16}},"loc":{"start":{"line":6,"column":20},"end":{"line":13,"column":1}},"line":6}},"branchMap":{},"s":{"0":1},"f":{"0":1},"b":{},"_coverageSchema":"1a1c01bbd47fc00a2c39e90264f33305004495a9","hash":"ff9f574621d33f2a4b770824db163e1111d37557"}
,"/Users/petemcnie/Code/personalcode/reactProjects/salhouse-goldens/client/components/Contact/ContactBody.jsx": {"path":"/Users/petemcnie/Code/personalcode/reactProjects/salhouse-goldens/client/components/Contact/ContactBody.jsx","statementMap":{"0":{"start":{"line":6,"column":2},"end":{"line":18,"column":3}}},"fnMap":{"0":{"name":"ContactBody","decl":{"start":{"line":5,"column":9},"end":{"line":5,"column":20}},"loc":{"start":{"line":5,"column":24},"end":{"line":19,"column":1}},"line":5}},"branchMap":{},"s":{"0":1},"f":{"0":1},"b":{},"_coverageSchema":"1a1c01bbd47fc00a2c39e90264f33305004495a9","hash":"998d3a71ef89a7090c31142be284c83bcedf4d5b"}
,"/Users/petemcnie/Code/personalcode/reactProjects/salhouse-goldens/client/components/GYG/BasicGroomingTips.jsx": {"path":"/Users/petemcnie/Code/personalcode/reactProjects/salhouse-goldens/client/components/GYG/BasicGroomingTips.jsx","statementMap":{"0":{"start":{"line":6,"column":2},"end":{"line":50,"column":3}}},"fnMap":{"0":{"name":"BasicGroomingTips","decl":{"start":{"line":5,"column":9},"end":{"line":5,"column":26}},"loc":{"start":{"line":5,"column":30},"end":{"line":51,"column":1}},"line":5}},"branchMap":{},"s":{"0":1},"f":{"0":1},"b":{},"_coverageSchema":"1a1c01bbd47fc00a2c39e90264f33305004495a9","hash":"353ab20aa099a28a3cf6d8e8a2f3ae6a0e298cbf"}
,"/Users/petemcnie/Code/personalcode/reactProjects/salhouse-goldens/client/components/GYG/GYG.jsx": {"path":"/Users/petemcnie/Code/personalcode/reactProjects/salhouse-goldens/client/components/GYG/GYG.jsx","statementMap":{"0":{"start":{"line":10,"column":2},"end":{"line":18,"column":3}}},"fnMap":{"0":{"name":"GYG","decl":{"start":{"line":9,"column":9},"end":{"line":9,"column":12}},"loc":{"start":{"line":9,"column":16},"end":{"line":19,"column":1}},"line":9}},"branchMap":{},"s":{"0":1},"f":{"0":1},"b":{},"_coverageSchema":"1a1c01bbd47fc00a2c39e90264f33305004495a9","hash":"7e725e7551a010cf200b4cccd36bf1034634e0de"}
,"/Users/petemcnie/Code/personalcode/reactProjects/salhouse-goldens/client/components/GYG/GYGStart.jsx": {"path":"/Users/petemcnie/Code/personalcode/reactProjects/salhouse-goldens/client/components/GYG/GYGStart.jsx","statementMap":{"0":{"start":{"line":6,"column":2},"end":{"line":25,"column":3}}},"fnMap":{"0":{"name":"GYGStart","decl":{"start":{"line":5,"column":9},"end":{"line":5,"column":17}},"loc":{"start":{"line":5,"column":21},"end":{"line":26,"column":1}},"line":5}},"branchMap":{},"s":{"0":1},"f":{"0":1},"b":{},"_coverageSchema":"1a1c01bbd47fc00a2c39e90264f33305004495a9","hash":"b633abcded3084323d30d4fad97131b4e1ae7801"}
,"/Users/petemcnie/Code/personalcode/reactProjects/salhouse-goldens/client/components/GYG/GroomingService.jsx": {"path":"/Users/petemcnie/Code/personalcode/reactProjects/salhouse-goldens/client/components/GYG/GroomingService.jsx","statementMap":{"0":{"start":{"line":4,"column":2},"end":{"line":27,"column":3}}},"fnMap":{"0":{"name":"GroomingService","decl":{"start":{"line":3,"column":9},"end":{"line":3,"column":24}},"loc":{"start":{"line":3,"column":28},"end":{"line":28,"column":1}},"line":3}},"branchMap":{},"s":{"0":1},"f":{"0":1},"b":{},"_coverageSchema":"1a1c01bbd47fc00a2c39e90264f33305004495a9","hash":"c5a2092293c0f2a082e34c31e32b2401695bc6bd"}
,"/Users/petemcnie/Code/personalcode/reactProjects/salhouse-goldens/client/components/GYG/TestimonialsAndPhotos.jsx": {"path":"/Users/petemcnie/Code/personalcode/reactProjects/salhouse-goldens/client/components/GYG/TestimonialsAndPhotos.jsx","statementMap":{"0":{"start":{"line":6,"column":2},"end":{"line":72,"column":3}}},"fnMap":{"0":{"name":"TestimonialsAndPhotos","decl":{"start":{"line":5,"column":9},"end":{"line":5,"column":30}},"loc":{"start":{"line":5,"column":34},"end":{"line":73,"column":1}},"line":5}},"branchMap":{},"s":{"0":1},"f":{"0":1},"b":{},"_coverageSchema":"1a1c01bbd47fc00a2c39e90264f33305004495a9","hash":"df725653e87d7ca069fcda9c161279f8c02ffe6e"}
,"/Users/petemcnie/Code/personalcode/reactProjects/salhouse-goldens/client/components/Home/Carousel.jsx": {"path":"/Users/petemcnie/Code/personalcode/reactProjects/salhouse-goldens/client/components/Home/Carousel.jsx","statementMap":{"0":{"start":{"line":6,"column":28},"end":{"line":6,"column":39}},"1":{"start":{"line":8,"column":23},"end":{"line":10,"column":3}},"2":{"start":{"line":9,"column":4},"end":{"line":9,"column":27}},"3":{"start":{"line":12,"column":2},"end":{"line":62,"column":3}}},"fnMap":{"0":{"name":"ControlledCarousel","decl":{"start":{"line":5,"column":9},"end":{"line":5,"column":27}},"loc":{"start":{"line":5,"column":31},"end":{"line":63,"column":1}},"line":5},"1":{"name":"(anonymous_1)","decl":{"start":{"line":8,"column":23},"end":{"line":8,"column":24}},"loc":{"start":{"line":8,"column":45},"end":{"line":10,"column":3}},"line":8}},"branchMap":{},"s":{"0":5,"1":5,"2":0,"3":5},"f":{"0":5,"1":0},"b":{},"_coverageSchema":"1a1c01bbd47fc00a2c39e90264f33305004495a9","hash":"78c4da529769dd3ba1320232ff810bf0f548800d"}
,"/Users/petemcnie/Code/personalcode/reactProjects/salhouse-goldens/client/components/Home/Home.jsx": {"path":"/Users/petemcnie/Code/personalcode/reactProjects/salhouse-goldens/client/components/Home/Home.jsx","statementMap":{"0":{"start":{"line":8,"column":13},"end":{"line":17,"column":1}},"1":{"start":{"line":9,"column":2},"end":{"line":16,"column":3}}},"fnMap":{"0":{"name":"(anonymous_0)","decl":{"start":{"line":8,"column":13},"end":{"line":8,"column":14}},"loc":{"start":{"line":8,"column":19},"end":{"line":17,"column":1}},"line":8}},"branchMap":{},"s":{"0":4,"1":4},"f":{"0":4},"b":{},"_coverageSchema":"1a1c01bbd47fc00a2c39e90264f33305004495a9","hash":"0f86af9a20e974c8e78a0c94fdc97c48a9fb16bc"}
,"/Users/petemcnie/Code/personalcode/reactProjects/salhouse-goldens/client/components/Home/HomeBody.jsx": {"path":"/Users/petemcnie/Code/personalcode/reactProjects/salhouse-goldens/client/components/Home/HomeBody.jsx","statementMap":{"0":{"start":{"line":4,"column":2},"end":{"line":53,"column":3}}},"fnMap":{"0":{"name":"HomeBody","decl":{"start":{"line":3,"column":9},"end":{"line":3,"column":17}},"loc":{"start":{"line":3,"column":21},"end":{"line":54,"column":1}},"line":3}},"branchMap":{},"s":{"0":4},"f":{"0":4},"b":{},"_coverageSchema":"1a1c01bbd47fc00a2c39e90264f33305004495a9","hash":"84755e3b5ef5a863219e167dad0d5a2391cb7771"}
,"/Users/petemcnie/Code/personalcode/reactProjects/salhouse-goldens/client/components/Home/HomeFooter.jsx": {"path":"/Users/petemcnie/Code/personalcode/reactProjects/salhouse-goldens/client/components/Home/HomeFooter.jsx","statementMap":{"0":{"start":{"line":4,"column":2},"end":{"line":20,"column":3}}},"fnMap":{"0":{"name":"HomeFooter","decl":{"start":{"line":3,"column":9},"end":{"line":3,"column":19}},"loc":{"start":{"line":3,"column":23},"end":{"line":21,"column":1}},"line":3}},"branchMap":{},"s":{"0":4},"f":{"0":4},"b":{},"_coverageSchema":"1a1c01bbd47fc00a2c39e90264f33305004495a9","hash":"081ad1c129f59cd299a8c037a60e598c03593a03"}
,"/Users/petemcnie/Code/personalcode/reactProjects/salhouse-goldens/client/components/Links/Links.jsx": {"path":"/Users/petemcnie/Code/personalcode/reactProjects/salhouse-goldens/client/components/Links/Links.jsx","statementMap":{"0":{"start":{"line":7,"column":2},"end":{"line":12,"column":3}}},"fnMap":{"0":{"name":"Links","decl":{"start":{"line":6,"column":9},"end":{"line":6,"column":14}},"loc":{"start":{"line":6,"column":18},"end":{"line":13,"column":1}},"line":6}},"branchMap":{},"s":{"0":1},"f":{"0":1},"b":{},"_coverageSchema":"1a1c01bbd47fc00a2c39e90264f33305004495a9","hash":"e78b8e4e26f1d5ad53ef7ed3033abcd20c4abc66"}
,"/Users/petemcnie/Code/personalcode/reactProjects/salhouse-goldens/client/components/Links/LinksBody.jsx": {"path":"/Users/petemcnie/Code/personalcode/reactProjects/salhouse-goldens/client/components/Links/LinksBody.jsx","statementMap":{"0":{"start":{"line":6,"column":2},"end":{"line":22,"column":3}}},"fnMap":{"0":{"name":"LinksBody","decl":{"start":{"line":5,"column":9},"end":{"line":5,"column":18}},"loc":{"start":{"line":5,"column":22},"end":{"line":23,"column":1}},"line":5}},"branchMap":{},"s":{"0":1},"f":{"0":1},"b":{},"_coverageSchema":"1a1c01bbd47fc00a2c39e90264f33305004495a9","hash":"b7e73edaf8e5ec30111c3775f710e1c9047c93de"}
,"/Users/petemcnie/Code/personalcode/reactProjects/salhouse-goldens/client/components/MLWA/BMP.jsx": {"path":"/Users/petemcnie/Code/personalcode/reactProjects/salhouse-goldens/client/components/MLWA/BMP.jsx","statementMap":{"0":{"start":{"line":6,"column":2},"end":{"line":117,"column":3}}},"fnMap":{"0":{"name":"BMP","decl":{"start":{"line":5,"column":9},"end":{"line":5,"column":12}},"loc":{"start":{"line":5,"column":16},"end":{"line":118,"column":1}},"line":5}},"branchMap":{},"s":{"0":1},"f":{"0":1},"b":{},"_coverageSchema":"1a1c01bbd47fc00a2c39e90264f33305004495a9","hash":"22fa59823624fd31f8c4b6700cbab5897d9d1cd5"}
,"/Users/petemcnie/Code/personalcode/reactProjects/salhouse-goldens/client/components/MLWA/FirstGoldenRetriever.jsx": {"path":"/Users/petemcnie/Code/personalcode/reactProjects/salhouse-goldens/client/components/MLWA/FirstGoldenRetriever.jsx","statementMap":{"0":{"start":{"line":6,"column":2},"end":{"line":116,"column":3}}},"fnMap":{"0":{"name":"FirstGoldenRetriever","decl":{"start":{"line":5,"column":9},"end":{"line":5,"column":29}},"loc":{"start":{"line":5,"column":33},"end":{"line":117,"column":1}},"line":5}},"branchMap":{},"s":{"0":1},"f":{"0":1},"b":{},"_coverageSchema":"1a1c01bbd47fc00a2c39e90264f33305004495a9","hash":"eb93d171607e33f57fc4583402ae7734b4d14d33"}
,"/Users/petemcnie/Code/personalcode/reactProjects/salhouse-goldens/client/components/MLWA/HorseGreyhounds.jsx": {"path":"/Users/petemcnie/Code/personalcode/reactProjects/salhouse-goldens/client/components/MLWA/HorseGreyhounds.jsx","statementMap":{"0":{"start":{"line":6,"column":2},"end":{"line":87,"column":3}}},"fnMap":{"0":{"name":"HorseGreyhounds","decl":{"start":{"line":5,"column":9},"end":{"line":5,"column":24}},"loc":{"start":{"line":5,"column":28},"end":{"line":88,"column":1}},"line":5}},"branchMap":{},"s":{"0":1},"f":{"0":1},"b":{},"_coverageSchema":"1a1c01bbd47fc00a2c39e90264f33305004495a9","hash":"967f4d5e57f739ebafd7053bfa6f43474b4b5f21"}
,"/Users/petemcnie/Code/personalcode/reactProjects/salhouse-goldens/client/components/MLWA/Kula.jsx": {"path":"/Users/petemcnie/Code/personalcode/reactProjects/salhouse-goldens/client/components/MLWA/Kula.jsx","statementMap":{"0":{"start":{"line":6,"column":2},"end":{"line":97,"column":3}}},"fnMap":{"0":{"name":"Kula","decl":{"start":{"line":5,"column":9},"end":{"line":5,"column":13}},"loc":{"start":{"line":5,"column":17},"end":{"line":98,"column":1}},"line":5}},"branchMap":{},"s":{"0":1},"f":{"0":1},"b":{},"_coverageSchema":"1a1c01bbd47fc00a2c39e90264f33305004495a9","hash":"7b77cdecf0c235583c5df02d24fb4bed209c9c78"}
,"/Users/petemcnie/Code/personalcode/reactProjects/salhouse-goldens/client/components/MLWA/Lassie.jsx": {"path":"/Users/petemcnie/Code/personalcode/reactProjects/salhouse-goldens/client/components/MLWA/Lassie.jsx","statementMap":{"0":{"start":{"line":6,"column":2},"end":{"line":77,"column":3}}},"fnMap":{"0":{"name":"Lassie","decl":{"start":{"line":5,"column":9},"end":{"line":5,"column":15}},"loc":{"start":{"line":5,"column":19},"end":{"line":78,"column":1}},"line":5}},"branchMap":{},"s":{"0":1},"f":{"0":1},"b":{},"_coverageSchema":"1a1c01bbd47fc00a2c39e90264f33305004495a9","hash":"b51d6c1aacbe9acabd859dfab577af0eb09dcd1d"}
,"/Users/petemcnie/Code/personalcode/reactProjects/salhouse-goldens/client/components/MLWA/MrSlattery.jsx": {"path":"/Users/petemcnie/Code/personalcode/reactProjects/salhouse-goldens/client/components/MLWA/MrSlattery.jsx","statementMap":{"0":{"start":{"line":6,"column":2},"end":{"line":33,"column":3}}},"fnMap":{"0":{"name":"MrSlattery","decl":{"start":{"line":5,"column":9},"end":{"line":5,"column":19}},"loc":{"start":{"line":5,"column":23},"end":{"line":34,"column":1}},"line":5}},"branchMap":{},"s":{"0":1},"f":{"0":1},"b":{},"_coverageSchema":"1a1c01bbd47fc00a2c39e90264f33305004495a9","hash":"7db9df7974662ab896a8db741ac9ccf71fd8811e"}
,"/Users/petemcnie/Code/personalcode/reactProjects/salhouse-goldens/client/components/MLWA/MunchMo.jsx": {"path":"/Users/petemcnie/Code/personalcode/reactProjects/salhouse-goldens/client/components/MLWA/MunchMo.jsx","statementMap":{"0":{"start":{"line":6,"column":2},"end":{"line":58,"column":3}}},"fnMap":{"0":{"name":"MunchMo","decl":{"start":{"line":5,"column":9},"end":{"line":5,"column":16}},"loc":{"start":{"line":5,"column":20},"end":{"line":59,"column":1}},"line":5}},"branchMap":{},"s":{"0":1},"f":{"0":1},"b":{},"_coverageSchema":"1a1c01bbd47fc00a2c39e90264f33305004495a9","hash":"e2df669d3a1339db6af4d7beb9854bf9b5302613"}
,"/Users/petemcnie/Code/personalcode/reactProjects/salhouse-goldens/client/components/MLWA/MyLifeWithAnimals.jsx": {"path":"/Users/petemcnie/Code/personalcode/reactProjects/salhouse-goldens/client/components/MLWA/MyLifeWithAnimals.jsx","statementMap":{"0":{"start":{"line":16,"column":2},"end":{"line":30,"column":3}}},"fnMap":{"0":{"name":"MyLifeWithAnimals","decl":{"start":{"line":15,"column":9},"end":{"line":15,"column":26}},"loc":{"start":{"line":15,"column":30},"end":{"line":31,"column":1}},"line":15}},"branchMap":{},"s":{"0":1},"f":{"0":1},"b":{},"_coverageSchema":"1a1c01bbd47fc00a2c39e90264f33305004495a9","hash":"f47105bdc42efdc62666a71e8681f29032534850"}
,"/Users/petemcnie/Code/personalcode/reactProjects/salhouse-goldens/client/components/MLWA/StartingText.jsx": {"path":"/Users/petemcnie/Code/personalcode/reactProjects/salhouse-goldens/client/components/MLWA/StartingText.jsx","statementMap":{"0":{"start":{"line":4,"column":2},"end":{"line":22,"column":3}}},"fnMap":{"0":{"name":"StartingText","decl":{"start":{"line":3,"column":9},"end":{"line":3,"column":21}},"loc":{"start":{"line":3,"column":25},"end":{"line":23,"column":1}},"line":3}},"branchMap":{},"s":{"0":1},"f":{"0":1},"b":{},"_coverageSchema":"1a1c01bbd47fc00a2c39e90264f33305004495a9","hash":"62fc5ad3488408fdd0093e183db435f6fc2fb7e1"}
,"/Users/petemcnie/Code/personalcode/reactProjects/salhouse-goldens/client/components/MLWA/Thanks.jsx": {"path":"/Users/petemcnie/Code/personalcode/reactProjects/salhouse-goldens/client/components/MLWA/Thanks.jsx","statementMap":{"0":{"start":{"line":4,"column":2},"end":{"line":24,"column":3}}},"fnMap":{"0":{"name":"Thanks","decl":{"start":{"line":3,"column":9},"end":{"line":3,"column":15}},"loc":{"start":{"line":3,"column":19},"end":{"line":25,"column":1}},"line":3}},"branchMap":{},"s":{"0":1},"f":{"0":1},"b":{},"_coverageSchema":"1a1c01bbd47fc00a2c39e90264f33305004495a9","hash":"f4198d80b645c2ad3f1e68233d6fb2d81dacec41"}
,"/Users/petemcnie/Code/personalcode/reactProjects/salhouse-goldens/client/components/MLWA/WorstNightmare.jsx": {"path":"/Users/petemcnie/Code/personalcode/reactProjects/salhouse-goldens/client/components/MLWA/WorstNightmare.jsx","statementMap":{"0":{"start":{"line":6,"column":2},"end":{"line":107,"column":3}}},"fnMap":{"0":{"name":"WorstNightmare","decl":{"start":{"line":5,"column":9},"end":{"line":5,"column":23}},"loc":{"start":{"line":5,"column":27},"end":{"line":108,"column":1}},"line":5}},"branchMap":{},"s":{"0":1},"f":{"0":1},"b":{},"_coverageSchema":"1a1c01bbd47fc00a2c39e90264f33305004495a9","hash":"a0efe173bfc1b142872ec979a9c4d6ce1d7004a7"}
,"/Users/petemcnie/Code/personalcode/reactProjects/salhouse-goldens/client/components/Our Goldens/AutumnHome.jsx": {"path":"/Users/petemcnie/Code/personalcode/reactProjects/salhouse-goldens/client/components/Our Goldens/AutumnHome.jsx","statementMap":{"0":{"start":{"line":11,"column":24},"end":{"line":11,"column":46}},"1":{"start":{"line":13,"column":2},"end":{"line":30,"column":3}},"2":{"start":{"line":19,"column":25},"end":{"line":19,"column":34}}},"fnMap":{"0":{"name":"AutumnHome","decl":{"start":{"line":10,"column":9},"end":{"line":10,"column":19}},"loc":{"start":{"line":10,"column":23},"end":{"line":31,"column":1}},"line":10},"1":{"name":"(anonymous_1)","decl":{"start":{"line":19,"column":18},"end":{"line":19,"column":19}},"loc":{"start":{"line":19,"column":25},"end":{"line":19,"column":34}},"line":19}},"branchMap":{},"s":{"0":1,"1":1,"2":0},"f":{"0":1,"1":0},"b":{},"_coverageSchema":"1a1c01bbd47fc00a2c39e90264f33305004495a9","hash":"7726ac69d68d99646d5edf697f82de3df82b2cff"}
,"/Users/petemcnie/Code/personalcode/reactProjects/salhouse-goldens/client/components/Our Goldens/AutumnLitter.jsx": {"path":"/Users/petemcnie/Code/personalcode/reactProjects/salhouse-goldens/client/components/Our Goldens/AutumnLitter.jsx","statementMap":{"0":{"start":{"line":6,"column":2},"end":{"line":14,"column":3}}},"fnMap":{"0":{"name":"AutumnLitter","decl":{"start":{"line":5,"column":9},"end":{"line":5,"column":21}},"loc":{"start":{"line":5,"column":25},"end":{"line":15,"column":1}},"line":5}},"branchMap":{},"s":{"0":1},"f":{"0":1},"b":{},"_coverageSchema":"1a1c01bbd47fc00a2c39e90264f33305004495a9","hash":"324250bc79b7a55a7efc3692e7c3a1d6bac2885e"}
,"/Users/petemcnie/Code/personalcode/reactProjects/salhouse-goldens/client/components/Our Goldens/AutumnMain.jsx": {"path":"/Users/petemcnie/Code/personalcode/reactProjects/salhouse-goldens/client/components/Our Goldens/AutumnMain.jsx","statementMap":{"0":{"start":{"line":7,"column":2},"end":{"line":119,"column":3}}},"fnMap":{"0":{"name":"AutumnMain","decl":{"start":{"line":6,"column":9},"end":{"line":6,"column":19}},"loc":{"start":{"line":6,"column":23},"end":{"line":120,"column":1}},"line":6}},"branchMap":{},"s":{"0":1},"f":{"0":1},"b":{},"_coverageSchema":"1a1c01bbd47fc00a2c39e90264f33305004495a9","hash":"2277217dd251cb4e57405bbec8cb1ec1db561719"}
,"/Users/petemcnie/Code/personalcode/reactProjects/salhouse-goldens/client/components/Our Goldens/KulaHome.jsx": {"path":"/Users/petemcnie/Code/personalcode/reactProjects/salhouse-goldens/client/components/Our Goldens/KulaHome.jsx","statementMap":{"0":{"start":{"line":12,"column":24},"end":{"line":12,"column":44}},"1":{"start":{"line":14,"column":2},"end":{"line":37,"column":3}},"2":{"start":{"line":26,"column":25},"end":{"line":26,"column":34}}},"fnMap":{"0":{"name":"KulaHome","decl":{"start":{"line":11,"column":9},"end":{"line":11,"column":17}},"loc":{"start":{"line":11,"column":21},"end":{"line":38,"column":1}},"line":11},"1":{"name":"(anonymous_1)","decl":{"start":{"line":26,"column":18},"end":{"line":26,"column":19}},"loc":{"start":{"line":26,"column":25},"end":{"line":26,"column":34}},"line":26}},"branchMap":{},"s":{"0":0,"1":0,"2":0},"f":{"0":0,"1":0},"b":{},"_coverageSchema":"1a1c01bbd47fc00a2c39e90264f33305004495a9","hash":"4cc398ac68075df58136a218a87b764ab2126baa"}
,"/Users/petemcnie/Code/personalcode/reactProjects/salhouse-goldens/client/components/Our Goldens/KulaMain.jsx": {"path":"/Users/petemcnie/Code/personalcode/reactProjects/salhouse-goldens/client/components/Our Goldens/KulaMain.jsx","statementMap":{"0":{"start":{"line":11,"column":2},"end":{"line":105,"column":3}}},"fnMap":{"0":{"name":"KulaMain","decl":{"start":{"line":10,"column":9},"end":{"line":10,"column":17}},"loc":{"start":{"line":10,"column":21},"end":{"line":106,"column":1}},"line":10}},"branchMap":{},"s":{"0":0},"f":{"0":0},"b":{},"_coverageSchema":"1a1c01bbd47fc00a2c39e90264f33305004495a9","hash":"42cfe07f100ae9571669efbbcf8dea5fff9aebb7"}
,"/Users/petemcnie/Code/personalcode/reactProjects/salhouse-goldens/client/components/Our Goldens/KulaSplider.jsx": {"path":"/Users/petemcnie/Code/personalcode/reactProjects/salhouse-goldens/client/components/Our Goldens/KulaSplider.jsx","statementMap":{"0":{"start":{"line":10,"column":4},"end":{"line":10,"column":16}},"1":{"start":{"line":12,"column":4},"end":{"line":12,"column":39}},"2":{"start":{"line":13,"column":4},"end":{"line":13,"column":41}},"3":{"start":{"line":18,"column":4},"end":{"line":18,"column":66}},"4":{"start":{"line":22,"column":27},"end":{"line":30,"column":5}},"5":{"start":{"line":32,"column":29},"end":{"line":45,"column":5}},"6":{"start":{"line":47,"column":4},"end":{"line":103,"column":5}}},"fnMap":{"0":{"name":"(anonymous_0)","decl":{"start":{"line":9,"column":2},"end":{"line":9,"column":3}},"loc":{"start":{"line":9,"column":22},"end":{"line":14,"column":3}},"line":9},"1":{"name":"(anonymous_1)","decl":{"start":{"line":16,"column":2},"end":{"line":16,"column":3}},"loc":{"start":{"line":16,"column":23},"end":{"line":19,"column":3}},"line":16},"2":{"name":"(anonymous_2)","decl":{"start":{"line":21,"column":2},"end":{"line":21,"column":3}},"loc":{"start":{"line":21,"column":12},"end":{"line":104,"column":3}},"line":21}},"branchMap":{},"s":{"0":0,"1":0,"2":0,"3":0,"4":0,"5":0,"6":0},"f":{"0":0,"1":0,"2":0},"b":{},"_coverageSchema":"1a1c01bbd47fc00a2c39e90264f33305004495a9","hash":"1ea311c1944e48a5ff721c1d5d57d3bbf51c6d43"}
,"/Users/petemcnie/Code/personalcode/reactProjects/salhouse-goldens/client/components/Our Goldens/KulasLitter.jsx": {"path":"/Users/petemcnie/Code/personalcode/reactProjects/salhouse-goldens/client/components/Our Goldens/KulasLitter.jsx","statementMap":{"0":{"start":{"line":9,"column":2},"end":{"line":84,"column":3}}},"fnMap":{"0":{"name":"KulasLitter","decl":{"start":{"line":8,"column":9},"end":{"line":8,"column":20}},"loc":{"start":{"line":8,"column":24},"end":{"line":85,"column":1}},"line":8}},"branchMap":{},"s":{"0":1},"f":{"0":1},"b":{},"_coverageSchema":"1a1c01bbd47fc00a2c39e90264f33305004495a9","hash":"63564a9134343a0aa4939ae6bab6e59b378ad0d2"}
,"/Users/petemcnie/Code/personalcode/reactProjects/salhouse-goldens/client/components/Our Goldens/OurGoldens.jsx": {"path":"/Users/petemcnie/Code/personalcode/reactProjects/salhouse-goldens/client/components/Our Goldens/OurGoldens.jsx","statementMap":{"0":{"start":{"line":8,"column":2},"end":{"line":48,"column":3}}},"fnMap":{"0":{"name":"OurGoldens","decl":{"start":{"line":7,"column":9},"end":{"line":7,"column":19}},"loc":{"start":{"line":7,"column":23},"end":{"line":49,"column":1}},"line":7}},"branchMap":{},"s":{"0":1},"f":{"0":1},"b":{},"_coverageSchema":"1a1c01bbd47fc00a2c39e90264f33305004495a9","hash":"18111c517fe092006c5a51501ab2ef33b1fadd5f"}
,"/Users/petemcnie/Code/personalcode/reactProjects/salhouse-goldens/client/components/Our Goldens/Phoenix.jsx": {"path":"/Users/petemcnie/Code/personalcode/reactProjects/salhouse-goldens/client/components/Our Goldens/Phoenix.jsx","statementMap":{"0":{"start":{"line":12,"column":2},"end":{"line":64,"column":3}}},"fnMap":{"0":{"name":"Phoenix","decl":{"start":{"line":11,"column":9},"end":{"line":11,"column":16}},"loc":{"start":{"line":11,"column":20},"end":{"line":65,"column":1}},"line":11}},"branchMap":{},"s":{"0":0},"f":{"0":0},"b":{},"_coverageSchema":"1a1c01bbd47fc00a2c39e90264f33305004495a9","hash":"2c93f048e453b8be5ffdab07c4a05d6a54b8a5ac"}
,"/Users/petemcnie/Code/personalcode/reactProjects/salhouse-goldens/client/components/Our Goldens/PhoenixSplider.jsx": {"path":"/Users/petemcnie/Code/personalcode/reactProjects/salhouse-goldens/client/components/Our Goldens/PhoenixSplider.jsx","statementMap":{"0":{"start":{"line":10,"column":4},"end":{"line":10,"column":16}},"1":{"start":{"line":12,"column":4},"end":{"line":12,"column":39}},"2":{"start":{"line":13,"column":4},"end":{"line":13,"column":41}},"3":{"start":{"line":18,"column":4},"end":{"line":18,"column":66}},"4":{"start":{"line":22,"column":27},"end":{"line":30,"column":5}},"5":{"start":{"line":32,"column":29},"end":{"line":45,"column":5}},"6":{"start":{"line":47,"column":4},"end":{"line":115,"column":5}}},"fnMap":{"0":{"name":"(anonymous_0)","decl":{"start":{"line":9,"column":2},"end":{"line":9,"column":3}},"loc":{"start":{"line":9,"column":22},"end":{"line":14,"column":3}},"line":9},"1":{"name":"(anonymous_1)","decl":{"start":{"line":16,"column":2},"end":{"line":16,"column":3}},"loc":{"start":{"line":16,"column":23},"end":{"line":19,"column":3}},"line":16},"2":{"name":"(anonymous_2)","decl":{"start":{"line":21,"column":2},"end":{"line":21,"column":3}},"loc":{"start":{"line":21,"column":12},"end":{"line":116,"column":3}},"line":21}},"branchMap":{},"s":{"0":0,"1":0,"2":0,"3":0,"4":0,"5":0,"6":0},"f":{"0":0,"1":0,"2":0},"b":{},"_coverageSchema":"1a1c01bbd47fc00a2c39e90264f33305004495a9","hash":"33d14162f277b3dd56f575388e5620c26ce39554"}
,"/Users/petemcnie/Code/personalcode/reactProjects/salhouse-goldens/client/components/Our Goldens/ShadowBreedShow.jsx": {"path":"/Users/petemcnie/Code/personalcode/reactProjects/salhouse-goldens/client/components/Our Goldens/ShadowBreedShow.jsx","statementMap":{"0":{"start":{"line":8,"column":2},"end":{"line":96,"column":3}}},"fnMap":{"0":{"name":"ShadowBreedShow","decl":{"start":{"line":7,"column":9},"end":{"line":7,"column":24}},"loc":{"start":{"line":7,"column":28},"end":{"line":97,"column":1}},"line":7}},"branchMap":{},"s":{"0":0},"f":{"0":0},"b":{},"_coverageSchema":"1a1c01bbd47fc00a2c39e90264f33305004495a9","hash":"c22d9f0498d1b932e43757d264454d2436ff8f60"}
,"/Users/petemcnie/Code/personalcode/reactProjects/salhouse-goldens/client/components/Our Goldens/ShadowHome.jsx": {"path":"/Users/petemcnie/Code/personalcode/reactProjects/salhouse-goldens/client/components/Our Goldens/ShadowHome.jsx","statementMap":{"0":{"start":{"line":13,"column":24},"end":{"line":13,"column":46}},"1":{"start":{"line":15,"column":2},"end":{"line":40,"column":3}},"2":{"start":{"line":27,"column":25},"end":{"line":27,"column":34}}},"fnMap":{"0":{"name":"ShadowHome","decl":{"start":{"line":12,"column":9},"end":{"line":12,"column":19}},"loc":{"start":{"line":12,"column":23},"end":{"line":41,"column":1}},"line":12},"1":{"name":"(anonymous_1)","decl":{"start":{"line":27,"column":18},"end":{"line":27,"column":19}},"loc":{"start":{"line":27,"column":25},"end":{"line":27,"column":34}},"line":27}},"branchMap":{},"s":{"0":0,"1":0,"2":0},"f":{"0":0,"1":0},"b":{},"_coverageSchema":"1a1c01bbd47fc00a2c39e90264f33305004495a9","hash":"7a6ca60da0744470dcaa2e5680d69ca103613d86"}
,"/Users/petemcnie/Code/personalcode/reactProjects/salhouse-goldens/client/components/Our Goldens/ShadowLitter.jsx": {"path":"/Users/petemcnie/Code/personalcode/reactProjects/salhouse-goldens/client/components/Our Goldens/ShadowLitter.jsx","statementMap":{"0":{"start":{"line":9,"column":2},"end":{"line":106,"column":3}}},"fnMap":{"0":{"name":"ShadowLitter","decl":{"start":{"line":8,"column":9},"end":{"line":8,"column":21}},"loc":{"start":{"line":8,"column":25},"end":{"line":107,"column":1}},"line":8}},"branchMap":{},"s":{"0":1},"f":{"0":1},"b":{},"_coverageSchema":"1a1c01bbd47fc00a2c39e90264f33305004495a9","hash":"aa4c03a297bc2dae7ec2e930ebff8940e6b60e57"}
,"/Users/petemcnie/Code/personalcode/reactProjects/salhouse-goldens/client/components/Our Goldens/ShadowMain.jsx": {"path":"/Users/petemcnie/Code/personalcode/reactProjects/salhouse-goldens/client/components/Our Goldens/ShadowMain.jsx","statementMap":{"0":{"start":{"line":11,"column":2},"end":{"line":131,"column":3}}},"fnMap":{"0":{"name":"ShadowMain","decl":{"start":{"line":10,"column":9},"end":{"line":10,"column":19}},"loc":{"start":{"line":10,"column":23},"end":{"line":132,"column":1}},"line":10}},"branchMap":{},"s":{"0":0},"f":{"0":0},"b":{},"_coverageSchema":"1a1c01bbd47fc00a2c39e90264f33305004495a9","hash":"c50069cccb2c447368927fbb94020e8bfda3e829"}
,"/Users/petemcnie/Code/personalcode/reactProjects/salhouse-goldens/client/components/Our Goldens/ShadowSplider.jsx": {"path":"/Users/petemcnie/Code/personalcode/reactProjects/salhouse-goldens/client/components/Our Goldens/ShadowSplider.jsx","statementMap":{"0":{"start":{"line":10,"column":4},"end":{"line":10,"column":16}},"1":{"start":{"line":12,"column":4},"end":{"line":12,"column":39}},"2":{"start":{"line":13,"column":4},"end":{"line":13,"column":41}},"3":{"start":{"line":18,"column":4},"end":{"line":18,"column":66}},"4":{"start":{"line":22,"column":27},"end":{"line":30,"column":5}},"5":{"start":{"line":32,"column":29},"end":{"line":45,"column":5}},"6":{"start":{"line":47,"column":4},"end":{"line":139,"column":5}}},"fnMap":{"0":{"name":"(anonymous_0)","decl":{"start":{"line":9,"column":2},"end":{"line":9,"column":3}},"loc":{"start":{"line":9,"column":22},"end":{"line":14,"column":3}},"line":9},"1":{"name":"(anonymous_1)","decl":{"start":{"line":16,"column":2},"end":{"line":16,"column":3}},"loc":{"start":{"line":16,"column":23},"end":{"line":19,"column":3}},"line":16},"2":{"name":"(anonymous_2)","decl":{"start":{"line":21,"column":2},"end":{"line":21,"column":3}},"loc":{"start":{"line":21,"column":12},"end":{"line":140,"column":3}},"line":21}},"branchMap":{},"s":{"0":0,"1":0,"2":0,"3":0,"4":0,"5":0,"6":0},"f":{"0":0,"1":0,"2":0},"b":{},"_coverageSchema":"1a1c01bbd47fc00a2c39e90264f33305004495a9","hash":"9df61b71933a605a8e11b94ed7cebb0e7146f92a"}
,"/Users/petemcnie/Code/personalcode/reactProjects/salhouse-goldens/client/components/Our Goldens/SherryBreedShow.jsx": {"path":"/Users/petemcnie/Code/personalcode/reactProjects/salhouse-goldens/client/components/Our Goldens/SherryBreedShow.jsx","statementMap":{"0":{"start":{"line":7,"column":2},"end":{"line":82,"column":3}}},"fnMap":{"0":{"name":"SherryBreedShow","decl":{"start":{"line":6,"column":9},"end":{"line":6,"column":24}},"loc":{"start":{"line":6,"column":28},"end":{"line":83,"column":1}},"line":6}},"branchMap":{},"s":{"0":0},"f":{"0":0},"b":{},"_coverageSchema":"1a1c01bbd47fc00a2c39e90264f33305004495a9","hash":"1a75f6391dfbfc04cfbf0630c57e92db7fe28e08"}
,"/Users/petemcnie/Code/personalcode/reactProjects/salhouse-goldens/client/components/Our Goldens/SherryHome.jsx": {"path":"/Users/petemcnie/Code/personalcode/reactProjects/salhouse-goldens/client/components/Our Goldens/SherryHome.jsx","statementMap":{"0":{"start":{"line":14,"column":24},"end":{"line":14,"column":46}},"1":{"start":{"line":16,"column":2},"end":{"line":44,"column":3}},"2":{"start":{"line":28,"column":25},"end":{"line":28,"column":34}}},"fnMap":{"0":{"name":"SherryHome","decl":{"start":{"line":13,"column":9},"end":{"line":13,"column":19}},"loc":{"start":{"line":13,"column":23},"end":{"line":45,"column":1}},"line":13},"1":{"name":"(anonymous_1)","decl":{"start":{"line":28,"column":18},"end":{"line":28,"column":19}},"loc":{"start":{"line":28,"column":25},"end":{"line":28,"column":34}},"line":28}},"branchMap":{},"s":{"0":0,"1":0,"2":0},"f":{"0":0,"1":0},"b":{},"_coverageSchema":"1a1c01bbd47fc00a2c39e90264f33305004495a9","hash":"e75f9202019b76e7660f699332b4846bd3bd3cc6"}
,"/Users/petemcnie/Code/personalcode/reactProjects/salhouse-goldens/client/components/Our Goldens/SherryLitter.jsx": {"path":"/Users/petemcnie/Code/personalcode/reactProjects/salhouse-goldens/client/components/Our Goldens/SherryLitter.jsx","statementMap":{"0":{"start":{"line":6,"column":2},"end":{"line":14,"column":3}}},"fnMap":{"0":{"name":"SherryLitter","decl":{"start":{"line":5,"column":9},"end":{"line":5,"column":21}},"loc":{"start":{"line":5,"column":25},"end":{"line":15,"column":1}},"line":5}},"branchMap":{},"s":{"0":1},"f":{"0":1},"b":{},"_coverageSchema":"1a1c01bbd47fc00a2c39e90264f33305004495a9","hash":"9a8974cd449073765a50b77e1e859e7aca7480aa"}
,"/Users/petemcnie/Code/personalcode/reactProjects/salhouse-goldens/client/components/Our Goldens/SherryMain.jsx": {"path":"/Users/petemcnie/Code/personalcode/reactProjects/salhouse-goldens/client/components/Our Goldens/SherryMain.jsx","statementMap":{"0":{"start":{"line":11,"column":2},"end":{"line":142,"column":3}}},"fnMap":{"0":{"name":"SherryMain","decl":{"start":{"line":10,"column":9},"end":{"line":10,"column":19}},"loc":{"start":{"line":10,"column":23},"end":{"line":143,"column":1}},"line":10}},"branchMap":{},"s":{"0":0},"f":{"0":0},"b":{},"_coverageSchema":"1a1c01bbd47fc00a2c39e90264f33305004495a9","hash":"70c06ea1b362c46d92c8e8d3250c458af1281b9a"}
,"/Users/petemcnie/Code/personalcode/reactProjects/salhouse-goldens/client/components/Our Goldens/SherryObedience.jsx": {"path":"/Users/petemcnie/Code/personalcode/reactProjects/salhouse-goldens/client/components/Our Goldens/SherryObedience.jsx","statementMap":{"0":{"start":{"line":8,"column":2},"end":{"line":88,"column":3}}},"fnMap":{"0":{"name":"SherryObedience","decl":{"start":{"line":7,"column":9},"end":{"line":7,"column":24}},"loc":{"start":{"line":7,"column":28},"end":{"line":89,"column":1}},"line":7}},"branchMap":{},"s":{"0":0},"f":{"0":0},"b":{},"_coverageSchema":"1a1c01bbd47fc00a2c39e90264f33305004495a9","hash":"bab8128d3a36c1cabcb2671165c5ba7f0ec83006"}
,"/Users/petemcnie/Code/personalcode/reactProjects/salhouse-goldens/client/components/Our Goldens/SherrySplider.jsx": {"path":"/Users/petemcnie/Code/personalcode/reactProjects/salhouse-goldens/client/components/Our Goldens/SherrySplider.jsx","statementMap":{"0":{"start":{"line":10,"column":4},"end":{"line":10,"column":16}},"1":{"start":{"line":12,"column":4},"end":{"line":12,"column":39}},"2":{"start":{"line":13,"column":4},"end":{"line":13,"column":41}},"3":{"start":{"line":18,"column":4},"end":{"line":18,"column":66}},"4":{"start":{"line":22,"column":27},"end":{"line":30,"column":5}},"5":{"start":{"line":32,"column":29},"end":{"line":45,"column":5}},"6":{"start":{"line":47,"column":4},"end":{"line":187,"column":5}}},"fnMap":{"0":{"name":"(anonymous_0)","decl":{"start":{"line":9,"column":2},"end":{"line":9,"column":3}},"loc":{"start":{"line":9,"column":22},"end":{"line":14,"column":3}},"line":9},"1":{"name":"(anonymous_1)","decl":{"start":{"line":16,"column":2},"end":{"line":16,"column":3}},"loc":{"start":{"line":16,"column":23},"end":{"line":19,"column":3}},"line":16},"2":{"name":"(anonymous_2)","decl":{"start":{"line":21,"column":2},"end":{"line":21,"column":3}},"loc":{"start":{"line":21,"column":12},"end":{"line":188,"column":3}},"line":21}},"branchMap":{},"s":{"0":0,"1":0,"2":0,"3":0,"4":0,"5":0,"6":0},"f":{"0":0,"1":0,"2":0},"b":{},"_coverageSchema":"1a1c01bbd47fc00a2c39e90264f33305004495a9","hash":"340999b8eaa2663efe15dc6cb5daa95c5428d29e"}
,"/Users/petemcnie/Code/personalcode/reactProjects/salhouse-goldens/client/components/Our Goldens/Siren.jsx": {"path":"/Users/petemcnie/Code/personalcode/reactProjects/salhouse-goldens/client/components/Our Goldens/Siren.jsx","statementMap":{"0":{"start":{"line":9,"column":2},"end":{"line":94,"column":3}}},"fnMap":{"0":{"name":"Siren","decl":{"start":{"line":8,"column":9},"end":{"line":8,"column":14}},"loc":{"start":{"line":8,"column":18},"end":{"line":95,"column":1}},"line":8}},"branchMap":{},"s":{"0":1},"f":{"0":1},"b":{},"_coverageSchema":"1a1c01bbd47fc00a2c39e90264f33305004495a9","hash":"b33ebaaf4361fc81e08e3b10b3b4c95a8b4c9ada"}
,"/Users/petemcnie/Code/personalcode/reactProjects/salhouse-goldens/client/components/Our Goldens/Tuppence.jsx": {"path":"/Users/petemcnie/Code/personalcode/reactProjects/salhouse-goldens/client/components/Our Goldens/Tuppence.jsx","statementMap":{"0":{"start":{"line":9,"column":2},"end":{"line":105,"column":3}}},"fnMap":{"0":{"name":"Tuppence","decl":{"start":{"line":8,"column":9},"end":{"line":8,"column":17}},"loc":{"start":{"line":8,"column":21},"end":{"line":106,"column":1}},"line":8}},"branchMap":{},"s":{"0":1},"f":{"0":1},"b":{},"_coverageSchema":"1a1c01bbd47fc00a2c39e90264f33305004495a9","hash":"251a02ac1629348ac1cdb37b1c787374da142a9d"}
,"/Users/petemcnie/Code/personalcode/reactProjects/salhouse-goldens/client/reducers/index.js": {"path":"/Users/petemcnie/Code/personalcode/reactProjects/salhouse-goldens/client/reducers/index.js","statementMap":{},"fnMap":{},"branchMap":{},"s":{},"f":{},"b":{},"_coverageSchema":"1a1c01bbd47fc00a2c39e90264f33305004495a9","hash":"aada4d43801913d2a6e09f37118546e67cfa84c9"}
,"/Users/petemcnie/Code/personalcode/reactProjects/salhouse-goldens/client/testing/utils.js": {"path":"/Users/petemcnie/Code/personalcode/reactProjects/salhouse-goldens/client/testing/utils.js","statementMap":{"0":{"start":{"line":10,"column":17},"end":{"line":10,"column":58}},"1":{"start":{"line":12,"column":31},"end":{"line":26,"column":1}},"2":{"start":{"line":16,"column":2},"end":{"line":25,"column":3}}},"fnMap":{"0":{"name":"(anonymous_0)","decl":{"start":{"line":12,"column":31},"end":{"line":12,"column":32}},"loc":{"start":{"line":15,"column":5},"end":{"line":26,"column":1}},"line":15}},"branchMap":{"0":{"loc":{"start":{"line":14,"column":2},"end":{"line":14,"column":101}},"type":"default-arg","locations":[{"start":{"line":14,"column":99},"end":{"line":14,"column":101}}],"line":14},"1":{"loc":{"start":{"line":14,"column":18},"end":{"line":14,"column":40}},"type":"default-arg","locations":[{"start":{"line":14,"column":35},"end":{"line":14,"column":40}}],"line":14},"2":{"loc":{"start":{"line":14,"column":42},"end":{"line":14,"column":94}},"type":"default-arg","locations":[{"start":{"line":14,"column":50},"end":{"line":14,"column":94}}],"line":14}},"s":{"0":1,"1":1,"2":1},"f":{"0":1},"b":{"0":[1],"1":[1],"2":[1]},"_coverageSchema":"1a1c01bbd47fc00a2c39e90264f33305004495a9","hash":"47aff11e6e7b1d2139f4c19d1fbeece631ee3919"}
}
