TN:
SF:client/components/App.jsx
FN:19,(anonymous_0)
FNF:1
FNH:1
FNDA:1,(anonymous_0)
DA:19,1
DA:20,1
LF:2
LH:2
BRF:0
BRH:0
end_of_record
TN:
SF:client/components/NavbarComp.jsx
FN:5,NavbarComp
FN:7,showDropdown
FN:10,hideDropdown
FN:15,showDropdownGyg
FN:18,hideDropdownGyg
FN:23,showDropdownAu
FN:27,hideDropdownAu
FNF:7
FNH:1
FNDA:14,NavbarComp
FNDA:0,showDropdown
FNDA:0,hideDropdown
FNDA:0,showDropdownGyg
FNDA:0,hideDropdownGyg
FNDA:0,showDropdownAu
FNDA:0,hideDropdownAu
DA:6,14
DA:8,0
DA:11,0
DA:14,14
DA:16,0
DA:19,0
DA:22,14
DA:24,0
DA:28,0
DA:31,14
LF:10
LH:4
BRF:0
BRH:0
end_of_record
TN:
SF:client/components/About Us/AboutUs.jsx
FN:7,(anonymous_0)
FNF:1
FNH:1
FNDA:1,(anonymous_0)
DA:7,2
DA:8,1
LF:2
LH:2
BRF:0
BRH:0
end_of_record
TN:
SF:client/components/About Us/AboutUsBody.jsx
FN:3,AboutUsBody
FNF:1
FNH:1
FNDA:2,AboutUsBody
DA:4,2
LF:1
LH:1
BRF:0
BRH:0
end_of_record
TN:
SF:client/components/About Us/AboutUsImages.jsx
FN:8,AboutUsImages
FNF:1
FNH:1
FNDA:2,AboutUsImages
DA:9,2
LF:1
LH:1
BRF:0
BRH:0
end_of_record
TN:
SF:client/components/Contact/Contact.jsx
FN:6,Contact
FNF:1
FNH:1
FNDA:1,Contact
DA:7,1
LF:1
LH:1
BRF:0
BRH:0
end_of_record
TN:
SF:client/components/Contact/ContactBody.jsx
FN:5,ContactBody
FNF:1
FNH:1
FNDA:1,ContactBody
DA:6,1
LF:1
LH:1
BRF:0
BRH:0
end_of_record
TN:
SF:client/components/GYG/BasicGroomingTips.jsx
FN:5,BasicGroomingTips
FNF:1
FNH:1
FNDA:1,BasicGroomingTips
DA:6,1
LF:1
LH:1
BRF:0
BRH:0
end_of_record
TN:
SF:client/components/GYG/GYG.jsx
FN:9,GYG
FNF:1
FNH:1
FNDA:1,GYG
DA:10,1
LF:1
LH:1
BRF:0
BRH:0
end_of_record
TN:
SF:client/components/GYG/GYGStart.jsx
FN:5,GYGStart
FNF:1
FNH:1
FNDA:1,GYGStart
DA:6,1
LF:1
LH:1
BRF:0
BRH:0
end_of_record
TN:
SF:client/components/GYG/GroomingService.jsx
FN:3,GroomingService
FNF:1
FNH:1
FNDA:1,GroomingService
DA:4,1
LF:1
LH:1
BRF:0
BRH:0
end_of_record
TN:
SF:client/components/GYG/TestimonialsAndPhotos.jsx
FN:5,TestimonialsAndPhotos
FNF:1
FNH:1
FNDA:1,TestimonialsAndPhotos
DA:6,1
LF:1
LH:1
BRF:0
BRH:0
end_of_record
TN:
SF:client/components/Home/Carousel.jsx
FN:5,ControlledCarousel
FN:8,(anonymous_1)
FNF:2
FNH:1
FNDA:5,ControlledCarousel
FNDA:0,(anonymous_1)
DA:6,5
DA:8,5
DA:9,0
DA:12,5
LF:4
LH:3
BRF:0
BRH:0
end_of_record
TN:
SF:client/components/Home/Home.jsx
FN:8,(anonymous_0)
FNF:1
FNH:1
FNDA:4,(anonymous_0)
DA:8,4
DA:9,4
LF:2
LH:2
BRF:0
BRH:0
end_of_record
TN:
SF:client/components/Home/HomeBody.jsx
FN:3,HomeBody
FNF:1
FNH:1
FNDA:4,HomeBody
DA:4,4
LF:1
LH:1
BRF:0
BRH:0
end_of_record
TN:
SF:client/components/Home/HomeFooter.jsx
FN:3,HomeFooter
FNF:1
FNH:1
FNDA:4,HomeFooter
DA:4,4
LF:1
LH:1
BRF:0
BRH:0
end_of_record
TN:
SF:client/components/Links/Links.jsx
FN:6,Links
FNF:1
FNH:1
FNDA:1,Links
DA:7,1
LF:1
LH:1
BRF:0
BRH:0
end_of_record
TN:
SF:client/components/Links/LinksBody.jsx
FN:5,LinksBody
FNF:1
FNH:1
FNDA:1,LinksBody
DA:6,1
LF:1
LH:1
BRF:0
BRH:0
end_of_record
TN:
SF:client/components/MLWA/BMP.jsx
FN:5,BMP
FNF:1
FNH:1
FNDA:1,BMP
DA:6,1
LF:1
LH:1
BRF:0
BRH:0
end_of_record
TN:
SF:client/components/MLWA/FirstGoldenRetriever.jsx
FN:5,FirstGoldenRetriever
FNF:1
FNH:1
FNDA:1,FirstGoldenRetriever
DA:6,1
LF:1
LH:1
BRF:0
BRH:0
end_of_record
TN:
SF:client/components/MLWA/HorseGreyhounds.jsx
FN:5,HorseGreyhounds
FNF:1
FNH:1
FNDA:1,HorseGreyhounds
DA:6,1
LF:1
LH:1
BRF:0
BRH:0
end_of_record
TN:
SF:client/components/MLWA/Kula.jsx
FN:5,Kula
FNF:1
FNH:1
FNDA:1,Kula
DA:6,1
LF:1
LH:1
BRF:0
BRH:0
end_of_record
TN:
SF:client/components/MLWA/Lassie.jsx
FN:5,Lassie
FNF:1
FNH:1
FNDA:1,Lassie
DA:6,1
LF:1
LH:1
BRF:0
BRH:0
end_of_record
TN:
SF:client/components/MLWA/MrSlattery.jsx
FN:5,MrSlattery
FNF:1
FNH:1
FNDA:1,MrSlattery
DA:6,1
LF:1
LH:1
BRF:0
BRH:0
end_of_record
TN:
SF:client/components/MLWA/MunchMo.jsx
FN:5,MunchMo
FNF:1
FNH:1
FNDA:1,MunchMo
DA:6,1
LF:1
LH:1
BRF:0
BRH:0
end_of_record
TN:
SF:client/components/MLWA/MyLifeWithAnimals.jsx
FN:15,MyLifeWithAnimals
FNF:1
FNH:1
FNDA:1,MyLifeWithAnimals
DA:16,1
LF:1
LH:1
BRF:0
BRH:0
end_of_record
TN:
SF:client/components/MLWA/StartingText.jsx
FN:3,StartingText
FNF:1
FNH:1
FNDA:1,StartingText
DA:4,1
LF:1
LH:1
BRF:0
BRH:0
end_of_record
TN:
SF:client/components/MLWA/Thanks.jsx
FN:3,Thanks
FNF:1
FNH:1
FNDA:1,Thanks
DA:4,1
LF:1
LH:1
BRF:0
BRH:0
end_of_record
TN:
SF:client/components/MLWA/WorstNightmare.jsx
FN:5,WorstNightmare
FNF:1
FNH:1
FNDA:1,WorstNightmare
DA:6,1
LF:1
LH:1
BRF:0
BRH:0
end_of_record
TN:
SF:client/components/Our Goldens/AutumnHome.jsx
FN:10,AutumnHome
FN:19,(anonymous_1)
FNF:2
FNH:1
FNDA:1,AutumnHome
FNDA:0,(anonymous_1)
DA:11,1
DA:13,1
DA:19,0
LF:3
LH:2
BRF:0
BRH:0
end_of_record
TN:
SF:client/components/Our Goldens/AutumnLitter.jsx
FN:5,AutumnLitter
FNF:1
FNH:1
FNDA:1,AutumnLitter
DA:6,1
LF:1
LH:1
BRF:0
BRH:0
end_of_record
TN:
SF:client/components/Our Goldens/AutumnMain.jsx
FN:6,AutumnMain
FNF:1
FNH:1
FNDA:1,AutumnMain
DA:7,1
LF:1
LH:1
BRF:0
BRH:0
end_of_record
TN:
SF:client/components/Our Goldens/KulaHome.jsx
FN:11,KulaHome
FN:26,(anonymous_1)
FNF:2
FNH:0
FNDA:0,KulaHome
FNDA:0,(anonymous_1)
DA:12,0
DA:14,0
DA:26,0
LF:3
LH:0
BRF:0
BRH:0
end_of_record
TN:
SF:client/components/Our Goldens/KulaMain.jsx
FN:10,KulaMain
FNF:1
FNH:0
FNDA:0,KulaMain
DA:11,0
LF:1
LH:0
BRF:0
BRH:0
end_of_record
TN:
SF:client/components/Our Goldens/KulaSplider.jsx
FN:9,(anonymous_0)
FN:16,(anonymous_1)
FN:21,(anonymous_2)
FNF:3
FNH:0
FNDA:0,(anonymous_0)
FNDA:0,(anonymous_1)
FNDA:0,(anonymous_2)
DA:10,0
DA:12,0
DA:13,0
DA:18,0
DA:22,0
DA:32,0
DA:47,0
LF:7
LH:0
BRF:0
BRH:0
end_of_record
TN:
SF:client/components/Our Goldens/KulasLitter.jsx
FN:8,KulasLitter
FNF:1
FNH:1
FNDA:1,KulasLitter
DA:9,1
LF:1
LH:1
BRF:0
BRH:0
end_of_record
TN:
SF:client/components/Our Goldens/OurGoldens.jsx
FN:7,OurGoldens
FNF:1
FNH:1
FNDA:1,OurGoldens
DA:8,1
LF:1
LH:1
BRF:0
BRH:0
end_of_record
TN:
SF:client/components/Our Goldens/Phoenix.jsx
FN:11,Phoenix
FNF:1
FNH:0
FNDA:0,Phoenix
DA:12,0
LF:1
LH:0
BRF:0
BRH:0
end_of_record
TN:
SF:client/components/Our Goldens/PhoenixSplider.jsx
FN:9,(anonymous_0)
FN:16,(anonymous_1)
FN:21,(anonymous_2)
FNF:3
FNH:0
FNDA:0,(anonymous_0)
FNDA:0,(anonymous_1)
FNDA:0,(anonymous_2)
DA:10,0
DA:12,0
DA:13,0
DA:18,0
DA:22,0
DA:32,0
DA:47,0
LF:7
LH:0
BRF:0
BRH:0
end_of_record
TN:
SF:client/components/Our Goldens/ShadowBreedShow.jsx
FN:7,ShadowBreedShow
FNF:1
FNH:0
FNDA:0,ShadowBreedShow
DA:8,0
LF:1
LH:0
BRF:0
BRH:0
end_of_record
TN:
SF:client/components/Our Goldens/ShadowHome.jsx
FN:12,ShadowHome
FN:27,(anonymous_1)
FNF:2
FNH:0
FNDA:0,ShadowHome
FNDA:0,(anonymous_1)
DA:13,0
DA:15,0
DA:27,0
LF:3
LH:0
BRF:0
BRH:0
end_of_record
TN:
SF:client/components/Our Goldens/ShadowLitter.jsx
FN:8,ShadowLitter
FNF:1
FNH:1
FNDA:1,ShadowLitter
DA:9,1
LF:1
LH:1
BRF:0
BRH:0
end_of_record
TN:
SF:client/components/Our Goldens/ShadowMain.jsx
FN:10,ShadowMain
FNF:1
FNH:0
FNDA:0,ShadowMain
DA:11,0
LF:1
LH:0
BRF:0
BRH:0
end_of_record
TN:
SF:client/components/Our Goldens/ShadowSplider.jsx
FN:9,(anonymous_0)
FN:16,(anonymous_1)
FN:21,(anonymous_2)
FNF:3
FNH:0
FNDA:0,(anonymous_0)
FNDA:0,(anonymous_1)
FNDA:0,(anonymous_2)
DA:10,0
DA:12,0
DA:13,0
DA:18,0
DA:22,0
DA:32,0
DA:47,0
LF:7
LH:0
BRF:0
BRH:0
end_of_record
TN:
SF:client/components/Our Goldens/SherryBreedShow.jsx
FN:6,SherryBreedShow
FNF:1
FNH:0
FNDA:0,SherryBreedShow
DA:7,0
LF:1
LH:0
BRF:0
BRH:0
end_of_record
TN:
SF:client/components/Our Goldens/SherryHome.jsx
FN:13,SherryHome
FN:28,(anonymous_1)
FNF:2
FNH:0
FNDA:0,SherryHome
FNDA:0,(anonymous_1)
DA:14,0
DA:16,0
DA:28,0
LF:3
LH:0
BRF:0
BRH:0
end_of_record
TN:
SF:client/components/Our Goldens/SherryLitter.jsx
FN:5,SherryLitter
FNF:1
FNH:1
FNDA:1,SherryLitter
DA:6,1
LF:1
LH:1
BRF:0
BRH:0
end_of_record
TN:
SF:client/components/Our Goldens/SherryMain.jsx
FN:10,SherryMain
FNF:1
FNH:0
FNDA:0,SherryMain
DA:11,0
LF:1
LH:0
BRF:0
BRH:0
end_of_record
TN:
SF:client/components/Our Goldens/SherryObedience.jsx
FN:7,SherryObedience
FNF:1
FNH:0
FNDA:0,SherryObedience
DA:8,0
LF:1
LH:0
BRF:0
BRH:0
end_of_record
TN:
SF:client/components/Our Goldens/SherrySplider.jsx
FN:9,(anonymous_0)
FN:16,(anonymous_1)
FN:21,(anonymous_2)
FNF:3
FNH:0
FNDA:0,(anonymous_0)
FNDA:0,(anonymous_1)
FNDA:0,(anonymous_2)
DA:10,0
DA:12,0
DA:13,0
DA:18,0
DA:22,0
DA:32,0
DA:47,0
LF:7
LH:0
BRF:0
BRH:0
end_of_record
TN:
SF:client/components/Our Goldens/Siren.jsx
FN:8,Siren
FNF:1
FNH:1
FNDA:1,Siren
DA:9,1
LF:1
LH:1
BRF:0
BRH:0
end_of_record
TN:
SF:client/components/Our Goldens/Tuppence.jsx
FN:8,Tuppence
FNF:1
FNH:1
FNDA:1,Tuppence
DA:9,1
LF:1
LH:1
BRF:0
BRH:0
end_of_record
TN:
SF:client/reducers/index.js
FNF:0
FNH:0
LF:0
LH:0
BRF:0
BRH:0
end_of_record
TN:
SF:client/testing/utils.js
FN:12,(anonymous_0)
FNF:1
FNH:1
FNDA:1,(anonymous_0)
DA:10,1
DA:12,1
DA:16,1
LF:3
LH:3
BRDA:14,0,0,1
BRDA:14,1,0,1
BRDA:14,2,0,1
BRF:3
BRH:3
end_of_record
